/Users/batu/Desktop/Yazılım Öğrenme serüveni/E-ticaret/Backend/ETicaret.API/Properties/launchSettings.json içindeki başlatma ayarları kullanılıyor...
Derleniyor...
info: Microsoft.EntityFrameworkCore.Database.Command[20101]
      Executed DbCommand (22ms) [Parameters=[@__normalizedName_0='?'], CommandType='Text', CommandTimeout='30']
      SELECT a."Id", a."ConcurrencyStamp", a."Name", a."NormalizedName"
      FROM "AspNetRoles" AS a
      WHERE a."NormalizedName" = @__normalizedName_0
      LIMIT 1
info: Microsoft.EntityFrameworkCore.Database.Command[20101]
      Executed DbCommand (1ms) [Parameters=[@__normalizedName_0='?'], CommandType='Text', CommandTimeout='30']
      SELECT a."Id", a."ConcurrencyStamp", a."Name", a."NormalizedName"
      FROM "AspNetRoles" AS a
      WHERE a."NormalizedName" = @__normalizedName_0
      LIMIT 1
info: Microsoft.EntityFrameworkCore.Database.Command[20101]
      Executed DbCommand (2ms) [Parameters=[@__normalizedEmail_0='?'], CommandType='Text', CommandTimeout='30']
      SELECT a."Id", a."AccessFailedCount", a."ConcurrencyStamp", a."CreatedAt", a."Email", a."EmailConfirmed", a."FirstName", a."LastName", a."LockoutEnabled", a."LockoutEnd", a."NormalizedEmail", a."NormalizedUserName", a."PasswordHash", a."PhoneNumber", a."PhoneNumberConfirmed", a."SecurityStamp", a."TwoFactorEnabled", a."UserName"
      FROM "AspNetUsers" AS a
      WHERE a."NormalizedEmail" = @__normalizedEmail_0
      LIMIT 2
info: Microsoft.EntityFrameworkCore.Database.Command[20101]
      Executed DbCommand (3ms) [Parameters=[], CommandType='Text', CommandTimeout='30']
      SELECT EXISTS (
          SELECT 1
          FROM "Products" AS p)
info: Microsoft.Hosting.Lifetime[14]
      Now listening on: http://localhost:5162
info: Microsoft.Hosting.Lifetime[0]
      Application started. Press Ctrl+C to shut down.
info: Microsoft.Hosting.Lifetime[0]
      Hosting environment: Development
info: Microsoft.Hosting.Lifetime[0]
      Content root path: /Users/batu/Desktop/Yazılım Öğrenme serüveni/E-ticaret/Backend/ETicaret.API
